2014-07-29 07:28:55/0.0012528896331787s[E_USER_NOTICE 1024]加载核心函数文件Struggle/Config/Functions.php
2014-07-29 07:28:55/0.0084018707275391s[E_USER_NOTICE 1024]建立目录Caches/
2014-07-29 07:28:55/0.0086798667907715s[E_USER_NOTICE 1024]建立目录Caches/Runtime/
2014-07-29 07:28:55/0.0091238021850586s[E_USER_NOTICE 1024]建立目录AddOnes/
2014-07-29 07:28:55/0.0093488693237305s[E_USER_NOTICE 1024]加载核心配置文件Struggle/Config/Config.php
2014-07-29 07:28:55/0.0099508762359619s[E_USER_NOTICE 1024]加载项目配置文件Config/Config.php
2014-07-29 07:28:55/0.010257005691528s[E_USER_NOTICE 1024]所有配置参数值Array
(
    [CACHE_ENGINE] => file
    [CACHE_DIR] => 
    [LOG_TYPE] => file
    [LOG_BASE_PATH] => Caches/
    [LOG_PATH] => Runtime/
    [LOG_NAME] => application
    [LOG_EXT] => log
    [LOG_MAX_SIZE] => 2000
    [VIEW_THEME_PATH] => Themes/
    [VIEW_THEME] => Default
    [VIEW_TPL_SUFFIX] => htm
    [LANG_NAME] => zh-cn
    [DEBUG_RECORD_TYPE] => file
    [DEBUG_RECORD_FILE_NAME] => application
    [DEBUG_RECORD_FILE_PATH] => Caches/Runtime/
    [DEBUG_RECORD_FILE_EXT] => log
    [DEBUG_RECORD_FILE_MODE] => ab
    [DEBUG_RECORD_FILE_SIZE] => 2000
    [DEBUG_RECORD_FILE_NUM] => 3
    [DEBUG_LEVEL] => all
    [ROUTE_MODE] => 0
    [ROUTE_DEFAULT_MODULE] => index
    [ROUTE_DEFAULT_ACTION] => index
    [ROUTE_MODULE_TAG] => m
    [ROUTE_ACTION_TAG] => a
    [AUTOLOAD_DIR] => AddOnes/,Struggle/Libraries/,Struggle/Libraries/Cache/Driver/,Controller/
    [LANG_CHARACTER_SET] => utf-8
    [DB_TYPE] => pdo
    [DB_DRIVER] => mysql
    [DB_NAME] => sle
    [DB_USER] => root
    [DB_PWD] => 
    [DB_HOST] => 127.0.0.1
    [DB_PORT] => 3306
    [DB_DNS] => 
    [DB_TABLE_SUFFIX] => 
    [DB_TABLE_PREFIX] => sle_
)

2014-07-29 07:28:55/0.01074481010437s[E_USER_NOTICE 1024]语言配置文件Struggle/Config/zh-cn.php处理
2014-07-29 07:28:55/0.011024951934814s[E_USER_WARNING 512]语言文件不存在Config/zh-cn.php,文件名区分大小写
2014-07-29 07:28:55/0.012342929840088s[E_USER_NOTICE 1024]加载核心文件Struggle/Libraries/Object.php
2014-07-29 07:28:55/0.013064861297607s[E_USER_NOTICE 1024]加载核心文件Struggle/Libraries/Exception.php
2014-07-29 07:28:55/0.014134883880615s[E_USER_NOTICE 1024]加载核心文件Struggle/Libraries/Core/Route.php
2014-07-29 07:28:55/0.017623901367188s[E_USER_NOTICE 1024]加载核心文件Struggle/Libraries/Core/Controller.php
2014-07-29 07:28:55/0.02123498916626s[E_USER_NOTICE 1024]加载核心文件Struggle/Libraries/Core/Model.php
2014-07-29 07:28:55/0.021826028823853s[E_USER_NOTICE 1024]加载核心文件Struggle/Libraries/Db/Db.php
2014-07-29 07:28:55/0.025221824645996s[E_USER_NOTICE 1024]加载核心文件Struggle/Libraries/Core/View.php
2014-07-29 07:28:55/0.02567982673645s[E_USER_NOTICE 1024]设置/var/www/html/struggle/code/AddOnes/:/var/www/html/struggle/code/Struggle/Libraries/:/var/www/html/struggle/code/Struggle/Libraries/Cache/Driver/:/var/www/html/struggle/code/Controller/:自动包含目录
2014-07-29 07:28:55/0.025838851928711s[E_USER_NOTICE 1024]自定义自动包含处理函数\struggle\autoLoad
2014-07-29 07:28:55/0.025893926620483s[E_USER_NOTICE 1024]自定义shutdown处理句柄\struggle\libraries\Exception::shutdownHandle
2014-07-29 07:28:55/0.025931835174561s[E_USER_NOTICE 1024]自定义异常处理句柄\struggle\libraries\Exception::exceptionHandle
2014-07-29 07:28:55/0.02597188949585s[E_USER_NOTICE 1024]自定义错误处理句柄\struggle\libraries\Exception::errorHandle
2014-07-29 07:28:55/0.026109933853149s[E_USER_NOTICE 1024]初始化类Route
2014-07-29 07:28:55/0.026271820068359s[E_USER_NOTICE 1024]初始化类Debug
2014-07-29 07:28:55/0.026312828063965s[E_USER_NOTICE 1024]自动加载类struggle\libraries\Debug
2014-07-29 07:28:55/0.029733896255493s[E_USER_NOTICE 1024]初始化类\struggle\libraries\cache\driver\File,初始化参数Array
(
    [file] => Caches/Runtime/application.log
    [mode] => ab
    [size] => 2000
    [renum] => 3
)

2014-07-29 07:28:55/0.029805898666382s[E_USER_NOTICE 1024]自动加载类struggle\libraries\cache\driver\File
2014-07-29 07:28:55/0.026242971420288s[E_USER_NOTICE 1024]路由模式0;url=>/struggle/code/
2014-07-29 07:28:55/0.036023855209351s[E_USER_NOTICE 1024]模块标签=>m;方法标签=>a;模块=>Index;方法=>Index
2014-07-29 07:34:31/0.001352071762085s[E_USER_NOTICE 1024]加载核心函数文件Struggle/Config/Functions.php
2014-07-29 07:34:31/0.011688947677612s[E_USER_NOTICE 1024]加载核心配置文件Struggle/Config/Config.php
2014-07-29 07:34:31/0.012312889099121s[E_USER_NOTICE 1024]加载项目配置文件Config/Config.php
2014-07-29 07:34:31/0.012677907943726s[E_USER_NOTICE 1024]所有配置参数值Array
(
    [CACHE_ENGINE] => file
    [CACHE_DIR] => 
    [LOG_TYPE] => file
    [LOG_BASE_PATH] => Caches/
    [LOG_PATH] => Runtime/
    [LOG_NAME] => application
    [LOG_EXT] => log
    [LOG_MAX_SIZE] => 2000
    [VIEW_THEME_PATH] => Themes/
    [VIEW_THEME] => Default
    [VIEW_TPL_SUFFIX] => htm
    [LANG_NAME] => zh-cn
    [DEBUG_RECORD_TYPE] => file
    [DEBUG_RECORD_FILE_NAME] => application
    [DEBUG_RECORD_FILE_PATH] => Caches/Runtime/
    [DEBUG_RECORD_FILE_EXT] => log
    [DEBUG_RECORD_FILE_MODE] => ab
    [DEBUG_RECORD_FILE_SIZE] => 2000
    [DEBUG_RECORD_FILE_NUM] => 3
    [DEBUG_LEVEL] => all
    [ROUTE_MODE] => 0
    [ROUTE_DEFAULT_MODULE] => index
    [ROUTE_DEFAULT_ACTION] => index
    [ROUTE_MODULE_TAG] => m
    [ROUTE_ACTION_TAG] => a
    [AUTOLOAD_DIR] => AddOnes/,Struggle/Libraries/,Struggle/Libraries/Cache/Driver/,Controller/
    [LANG_CHARACTER_SET] => utf-8
    [DB_TYPE] => pdo
    [DB_DRIVER] => mysql
    [DB_NAME] => sle
    [DB_USER] => root
    [DB_PWD] => 
    [DB_HOST] => 127.0.0.1
    [DB_PORT] => 3306
    [DB_DNS] => 
    [DB_TABLE_SUFFIX] => 
    [DB_TABLE_PREFIX] => sle_
)

2014-07-29 07:34:31/0.013267040252686s[E_USER_NOTICE 1024]语言配置文件Struggle/Config/zh-cn.php处理
2014-07-29 07:34:31/0.013436079025269s[E_USER_WARNING 512]语言文件不存在Config/zh-cn.php,文件名区分大小写
2014-07-29 07:34:31/0.014709949493408s[E_USER_NOTICE 1024]加载核心文件Struggle/Libraries/Object.php
2014-07-29 07:34:31/0.015429019927979s[E_USER_NOTICE 1024]加载核心文件Struggle/Libraries/Exception.php
2014-07-29 07:34:31/0.016633033752441s[E_USER_NOTICE 1024]加载核心文件Struggle/Libraries/Core/Route.php
2014-07-29 07:34:31/0.019347906112671s[E_USER_NOTICE 1024]加载核心文件Struggle/Libraries/Core/Controller.php
2014-07-29 07:34:31/0.02482795715332s[E_USER_NOTICE 1024]加载核心文件Struggle/Libraries/Core/Model.php
2014-07-29 07:34:31/0.025366067886353s[E_USER_NOTICE 1024]加载核心文件Struggle/Libraries/Db/Db.php
2014-07-29 07:34:31/0.028584003448486s[E_USER_NOTICE 1024]加载核心文件Struggle/Libraries/Core/View.php
2014-07-29 07:34:31/0.028893947601318s[E_USER_NOTICE 1024]设置/var/www/html/struggle/code/AddOnes/:/var/www/html/struggle/code/Struggle/Libraries/:/var/www/html/struggle/code/Struggle/Libraries/Cache/Driver/:/var/www/html/struggle/code/Controller/:自动包含目录
2014-07-29 07:34:31/0.028966903686523s[E_USER_NOTICE 1024]自定义自动包含处理函数\struggle\autoLoad
2014-07-29 07:34:31/0.02906608581543s[E_USER_NOTICE 1024]自定义shutdown处理句柄\struggle\libraries\Exception::shutdownHandle
2014-07-29 07:34:31/0.029109954833984s[E_USER_NOTICE 1024]自定义异常处理句柄\struggle\libraries\Exception::exceptionHandle
2014-07-29 07:34:31/0.029146909713745s[E_USER_NOTICE 1024]自定义错误处理句柄\struggle\libraries\Exception::errorHandle
2014-07-29 07:34:31/0.029218912124634s[E_USER_NOTICE 1024]初始化类Route
2014-07-29 07:34:31/0.029469013214111s[E_USER_NOTICE 1024]初始化类Debug
2014-07-29 07:34:31/0.029510021209717s[E_USER_NOTICE 1024]自动加载类struggle\libraries\Debug
2014-07-29 07:34:31/0.0332350730896s[E_USER_NOTICE 1024]初始化类\struggle\libraries\cache\driver\File,初始化参数Array
(
    [file] => Caches/Runtime/application.log
    [mode] => ab
    [size] => 2000
    [renum] => 3
)

2014-07-29 07:34:31/0.033317089080811s[E_USER_NOTICE 1024]自动加载类struggle\libraries\cache\driver\File
2014-07-29 07:34:31/0.029439926147461s[E_USER_NOTICE 1024]路由模式0;url=>/struggle/code/
2014-07-29 07:34:31/0.038383960723877s[E_USER_NOTICE 1024]模块标签=>m;方法标签=>a;模块=>Index;方法=>Index
2014-07-29 07:36:03/0.00020790100097656s[E_USER_NOTICE 1024]加载核心函数文件Struggle/Config/Functions.php
2014-07-29 07:36:03/0.0032529830932617s[E_USER_NOTICE 1024]加载核心配置文件Struggle/Config/Config.php
2014-07-29 07:36:03/0.0053811073303223s[E_USER_NOTICE 1024]加载项目配置文件Config/Config.php
2014-07-29 07:36:03/0.0056450366973877s[E_USER_NOTICE 1024]所有配置参数值Array
(
    [CACHE_ENGINE] => file
    [CACHE_DIR] => 
    [LOG_TYPE] => file
    [LOG_BASE_PATH] => Caches/
    [LOG_PATH] => Runtime/
    [LOG_NAME] => application
    [LOG_EXT] => log
    [LOG_MAX_SIZE] => 2000
    [VIEW_THEME_PATH] => Themes/
    [VIEW_THEME] => Default
    [VIEW_TPL_SUFFIX] => htm
    [LANG_NAME] => zh-cn
    [DEBUG_RECORD_TYPE] => file
    [DEBUG_RECORD_FILE_NAME] => application
    [DEBUG_RECORD_FILE_PATH] => Caches/Runtime/
    [DEBUG_RECORD_FILE_EXT] => log
    [DEBUG_RECORD_FILE_MODE] => ab
    [DEBUG_RECORD_FILE_SIZE] => 2000
    [DEBUG_RECORD_FILE_NUM] => 3
    [DEBUG_LEVEL] => all
    [ROUTE_MODE] => 0
    [ROUTE_DEFAULT_MODULE] => index
    [ROUTE_DEFAULT_ACTION] => index
    [ROUTE_MODULE_TAG] => m
    [ROUTE_ACTION_TAG] => a
    [AUTOLOAD_DIR] => AddOnes/,Struggle/Libraries/,Struggle/Libraries/Cache/Driver/,Controller/
    [LANG_CHARACTER_SET] => utf-8
    [DB_TYPE] => pdo
    [DB_DRIVER] => mysql
    [DB_NAME] => sle
    [DB_USER] => root
    [DB_PWD] => 
    [DB_HOST] => 127.0.0.1
    [DB_PORT] => 3306
    [DB_DNS] => 
    [DB_TABLE_SUFFIX] => 
    [DB_TABLE_PREFIX] => sle_
)

2014-07-29 07:36:03/0.0059781074523926s[E_USER_NOTICE 1024]语言配置文件Struggle/Config/zh-cn.php处理
2014-07-29 07:36:03/0.0062179565429688s[E_USER_WARNING 512]语言文件不存在Config/zh-cn.php,文件名区分大小写
2014-07-29 07:36:03/0.0070319175720215s[E_USER_NOTICE 1024]加载核心文件Struggle/Libraries/Object.php
2014-07-29 07:36:03/0.0076858997344971s[E_USER_NOTICE 1024]加载核心文件Struggle/Libraries/Exception.php
2014-07-29 07:36:03/0.0083780288696289s[E_USER_NOTICE 1024]加载核心文件Struggle/Libraries/Core/Route.php
2014-07-29 07:36:03/0.010018110275269s[E_USER_NOTICE 1024]加载核心文件Struggle/Libraries/Core/Controller.php
2014-07-29 07:36:03/0.011692047119141s[E_USER_NOTICE 1024]加载核心文件Struggle/Libraries/Core/Model.php
2014-07-29 07:36:03/0.012032032012939s[E_USER_NOTICE 1024]加载核心文件Struggle/Libraries/Db/Db.php
2014-07-29 07:36:03/0.014988899230957s[E_USER_NOTICE 1024]加载核心文件Struggle/Libraries/Core/View.php
2014-07-29 07:36:03/0.015267133712769s[E_USER_NOTICE 1024]设置/var/www/html/struggle/code/AddOnes/:/var/www/html/struggle/code/Struggle/Libraries/:/var/www/html/struggle/code/Struggle/Libraries/Cache/Driver/:/var/www/html/struggle/code/Controller/:自动包含目录
2014-07-29 07:36:03/0.015327930450439s[E_USER_NOTICE 1024]自定义自动包含处理函数\struggle\autoLoad
2014-07-29 07:36:03/0.015368938446045s[E_USER_NOTICE 1024]自定义shutdown处理句柄\struggle\libraries\Exception::shutdownHandle
2014-07-29 07:36:03/0.015403032302856s[E_USER_NOTICE 1024]自定义异常处理句柄\struggle\libraries\Exception::exceptionHandle
2014-07-29 07:36:03/0.015444993972778s[E_USER_NOTICE 1024]自定义错误处理句柄\struggle\libraries\Exception::errorHandle
2014-07-29 07:36:03/0.015860080718994s[E_USER_NOTICE 1024]初始化类Route
2014-07-29 07:36:03/0.016010999679565s[E_USER_NOTICE 1024]初始化类Debug
2014-07-29 07:36:03/0.016097068786621s[E_USER_NOTICE 1024]自动加载类struggle\libraries\Debug
2014-07-29 07:36:03/0.018295049667358s[E_USER_NOTICE 1024]初始化类\struggle\libraries\cache\driver\File,初始化参数Array
(
    [file] => Caches/Runtime/application.log
    [mode] => ab
    [size] => 2000
    [renum] => 3
)

2014-07-29 07:36:03/0.018368005752563s[E_USER_NOTICE 1024]自动加载类struggle\libraries\cache\driver\File
2014-07-29 07:36:03/0.015968084335327s[E_USER_NOTICE 1024]路由模式0;url=>/struggle/code/
2014-07-29 07:36:03/0.022874116897583s[E_USER_NOTICE 1024]模块标签=>m;方法标签=>a;模块=>Index;方法=>Index
2014-07-29 07:36:03/0.050117015838623s[E_USER_NOTICE 1024]select 语句参数信息 : Array
(
    [join] => 
    [where] => WHERE (`name`=? and `pwd` >=?) or (`create_time` in(?,?) and `desc`<=?)
    [groupby] => 
    [having] => 
    [orderby] => 
    [limit] => LIMIT 1
    [field] => *
)
struggle\libraries\db\driver\PdoMysqlDriver::parseOpt line 229
2014-07-29 07:36:03/0.0503990650177s[E_USER_NOTICE 1024]SQL语句拼接:SELECT * FROM sle_user AS User  WHERE (`name`=? and `pwd` >=?) or (`create_time` in(?,?) and `desc`<=?)    LIMIT 1
2014-07-29 07:36:03/0.05121111869812s[E_USER_NOTICE 1024]SQL绑定参数:Array
(
    [0] => sys
    [1] => 1
    [2] => 2{
    [3] => 2
    [4] => 3
)

2014-07-29 07:36:03/0.061129093170166s[E_USER_NOTICE 1024]调用struggle\libraries\core\View::_include_once('html/header')方法
2014-07-29 07:36:03/0.062031030654907s[E_USER_NOTICE 1024]调用struggle\libraries\core\View::_url('show/shit?act=add&id=$id')方法
2014-07-29 07:36:03/0.063134908676147s[E_USER_NOTICE 1024]调用struggle\libraries\core\View::_include_once('html/footer')方法
2014-07-29 07:36:03/0.065030097961426s[E_USER_NOTICE 1024]把编译后内容写入编译文件Caches/Runtime/d32755fc7474853ca0ec722e8210f154.php
2014-07-30 06:49:44/0.0040481090545654s[E_USER_NOTICE 1024]加载核心函数文件Struggle/Config/Functions.php
2014-07-30 06:49:44/0.011262178421021s[E_USER_NOTICE 1024]加载核心配置文件Struggle/Config/Config.php
2014-07-30 06:49:44/0.01252007484436s[E_USER_NOTICE 1024]加载项目配置文件Config/Config.php
2014-07-30 06:49:44/0.013599157333374s[E_USER_NOTICE 1024]所有配置参数值Array
(
    [CACHE_ENGINE] => file
    [CACHE_DIR] => 
    [LOG_TYPE] => file
    [LOG_BASE_PATH] => Caches/
    [LOG_PATH] => Runtime/
    [LOG_NAME] => application
    [LOG_EXT] => log
    [LOG_MAX_SIZE] => 2000
    [VIEW_THEME_PATH] => Themes/
    [VIEW_THEME] => Default
    [VIEW_TPL_SUFFIX] => htm
    [LANG_NAME] => zh-cn
    [DEBUG_RECORD_TYPE] => file
    [DEBUG_RECORD_FILE_NAME] => application
    [DEBUG_RECORD_FILE_PATH] => Caches/Runtime/
    [DEBUG_RECORD_FILE_EXT] => log
    [DEBUG_RECORD_FILE_MODE] => ab
    [DEBUG_RECORD_FILE_SIZE] => 2000
    [DEBUG_RECORD_FILE_NUM] => 3
    [DEBUG_LEVEL] => all
    [ROUTE_MODE] => 0
    [ROUTE_DEFAULT_MODULE] => index
    [ROUTE_DEFAULT_ACTION] => index
    [ROUTE_MODULE_TAG] => m
    [ROUTE_ACTION_TAG] => a
    [AUTOLOAD_DIR] => AddOnes/,Struggle/Libraries/,Struggle/Libraries/Cache/Driver/,Controller/
    [LANG_CHARACTER_SET] => utf-8
    [DB_TYPE] => pdo
    [DB_DRIVER] => mysql
    [DB_NAME] => sle
    [DB_USER] => root
    [DB_PWD] => 
    [DB_HOST] => 127.0.0.1
    [DB_PORT] => 3306
    [DB_DNS] => 
    [DB_TABLE_SUFFIX] => 
    [DB_TABLE_PREFIX] => sle_
)

2014-07-30 06:49:44/0.014081954956055s[E_USER_NOTICE 1024]语言配置文件Struggle/Config/zh-cn.php处理
2014-07-30 06:49:44/0.01476001739502s[E_USER_WARNING 512]语言文件不存在Config/zh-cn.php,文件名区分大小写
2014-07-30 06:49:44/0.016432046890259s[E_USER_NOTICE 1024]加载核心文件Struggle/Libraries/Object.php
2014-07-30 06:49:44/0.017728090286255s[E_USER_NOTICE 1024]加载核心文件Struggle/Libraries/Exception.php
2014-07-30 06:49:44/0.020818948745728s[E_USER_NOTICE 1024]加载核心文件Struggle/Libraries/Core/Route.php
2014-07-30 06:49:44/0.025755167007446s[E_USER_NOTICE 1024]加载核心文件Struggle/Libraries/Core/Controller.php
2014-07-30 06:49:44/0.029590129852295s[E_USER_NOTICE 1024]加载核心文件Struggle/Libraries/Core/Model.php
2014-07-30 06:49:44/0.0314781665802s[E_USER_NOTICE 1024]加载核心文件Struggle/Libraries/Db/Db.php
2014-07-30 06:49:44/0.036153078079224s[E_USER_NOTICE 1024]加载核心文件Struggle/Libraries/Core/View.php
2014-07-30 06:49:44/0.036651134490967s[E_USER_NOTICE 1024]设置/var/www/html/struggle/code/AddOnes/:/var/www/html/struggle/code/Struggle/Libraries/:/var/www/html/struggle/code/Struggle/Libraries/Cache/Driver/:/var/www/html/struggle/code/Controller/:自动包含目录
2014-07-30 06:49:44/0.036764144897461s[E_USER_NOTICE 1024]自定义自动包含处理函数\struggle\autoLoad
2014-07-30 06:49:44/0.036810159683228s[E_USER_NOTICE 1024]自定义shutdown处理句柄\struggle\libraries\Exception::shutdownHandle
2014-07-30 06:49:44/0.036892175674438s[E_USER_NOTICE 1024]自定义异常处理句柄\struggle\libraries\Exception::exceptionHandle
2014-07-30 06:49:44/0.036937952041626s[E_USER_NOTICE 1024]自定义错误处理句柄\struggle\libraries\Exception::errorHandle
2014-07-30 06:49:44/0.037065029144287s[E_USER_NOTICE 1024]初始化类Route
2014-07-30 06:49:44/0.037266969680786s[E_USER_NOTICE 1024]初始化类Debug
2014-07-30 06:49:44/0.037306070327759s[E_USER_NOTICE 1024]自动加载类struggle\libraries\Debug
2014-07-30 06:49:44/0.042051076889038s[E_USER_NOTICE 1024]初始化类\struggle\libraries\cache\driver\File,初始化参数Array
(
    [file] => Caches/Runtime/application.log
    [mode] => ab
    [size] => 2000
    [renum] => 3
)

2014-07-30 06:49:44/0.04215407371521s[E_USER_NOTICE 1024]自动加载类struggle\libraries\cache\driver\File
2014-07-30 06:49:44/0.037238121032715s[E_USER_NOTICE 1024]路由模式0;url=>/struggle/code/
2014-07-30 06:49:44/0.052767038345337s[E_USER_NOTICE 1024]模块标签=>m;方法标签=>a;模块=>Index;方法=>Index
2014-07-30 07:01:23/0.00045180320739746s[E_USER_NOTICE 1024]加载核心函数文件Struggle/Config/Functions.php
2014-07-30 07:01:23/0.0049309730529785s[E_USER_NOTICE 1024]加载核心配置文件Struggle/Config/Config.php
2014-07-30 07:01:23/0.0056698322296143s[E_USER_NOTICE 1024]加载项目配置文件Config/Config.php
2014-07-30 07:01:23/0.0060088634490967s[E_USER_NOTICE 1024]所有配置参数值Array
(
    [CACHE_ENGINE] => file
    [CACHE_DIR] => 
    [LOG_TYPE] => file
    [LOG_BASE_PATH] => Caches/
    [LOG_PATH] => Runtime/
    [LOG_NAME] => application
    [LOG_EXT] => log
    [LOG_MAX_SIZE] => 2000
    [VIEW_THEME_PATH] => Themes/
    [VIEW_THEME] => Default
    [VIEW_TPL_SUFFIX] => htm
    [LANG_NAME] => zh-cn
    [DEBUG_RECORD_TYPE] => file
    [DEBUG_RECORD_FILE_NAME] => application
    [DEBUG_RECORD_FILE_PATH] => Caches/Runtime/
    [DEBUG_RECORD_FILE_EXT] => log
    [DEBUG_RECORD_FILE_MODE] => ab
    [DEBUG_RECORD_FILE_SIZE] => 2000
    [DEBUG_RECORD_FILE_NUM] => 3
    [DEBUG_LEVEL] => all
    [ROUTE_MODE] => 0
    [ROUTE_DEFAULT_MODULE] => index
    [ROUTE_DEFAULT_ACTION] => index
    [ROUTE_MODULE_TAG] => m
    [ROUTE_ACTION_TAG] => a
    [AUTOLOAD_DIR] => AddOnes/,Struggle/Libraries/,Struggle/Libraries/Cache/Driver/,Controller/
    [LANG_CHARACTER_SET] => utf-8
    [DB_TYPE] => pdo
    [DB_DRIVER] => mysql
    [DB_NAME] => sle
    [DB_USER] => root
    [DB_PWD] => 
    [DB_HOST] => 127.0.0.1
    [DB_PORT] => 3306
    [DB_DNS] => 
    [DB_TABLE_SUFFIX] => 
    [DB_TABLE_PREFIX] => sle_
)

2014-07-30 07:01:23/0.0063948631286621s[E_USER_NOTICE 1024]语言配置文件Struggle/Config/zh-cn.php处理
2014-07-30 07:01:23/0.0065720081329346s[E_USER_WARNING 512]语言文件不存在Config/zh-cn.php,文件名区分大小写
2014-07-30 07:01:23/0.0072658061981201s[E_USER_NOTICE 1024]加载核心文件Struggle/Libraries/Object.php
2014-07-30 07:01:23/0.0077698230743408s[E_USER_NOTICE 1024]加载核心文件Struggle/Libraries/Exception.php
2014-07-30 07:01:23/0.0085499286651611s[E_USER_NOTICE 1024]加载核心文件Struggle/Libraries/Core/Route.php
2014-07-30 07:01:23/0.010149955749512s[E_USER_NOTICE 1024]加载核心文件Struggle/Libraries/Core/Controller.php
2014-07-30 07:01:23/0.01233696937561s[E_USER_NOTICE 1024]加载核心文件Struggle/Libraries/Core/Model.php
2014-07-30 07:01:23/0.012842893600464s[E_USER_NOTICE 1024]加载核心文件Struggle/Libraries/Db/Db.php
2014-07-30 07:01:23/0.014986991882324s[E_USER_NOTICE 1024]加载核心文件Struggle/Libraries/Core/View.php
2014-07-30 07:01:23/0.0152268409729s[E_USER_NOTICE 1024]设置/var/www/html/struggle/code/AddOnes/:/var/www/html/struggle/code/Struggle/Libraries/:/var/www/html/struggle/code/Struggle/Libraries/Cache/Driver/:/var/www/html/struggle/code/Controller/:自动包含目录
2014-07-30 07:01:23/0.015293836593628s[E_USER_NOTICE 1024]自定义自动包含处理函数\struggle\autoLoad
2014-07-30 07:01:23/0.015336990356445s[E_USER_NOTICE 1024]自定义shutdown处理句柄\struggle\libraries\Exception::shutdownHandle
2014-07-30 07:01:23/0.015377998352051s[E_USER_NOTICE 1024]自定义异常处理句柄\struggle\libraries\Exception::exceptionHandle
2014-07-30 07:01:23/0.015419006347656s[E_USER_NOTICE 1024]自定义错误处理句柄\struggle\libraries\Exception::errorHandle
2014-07-30 07:01:23/0.015581846237183s[E_USER_NOTICE 1024]初始化类Route
2014-07-30 07:01:23/0.015694856643677s[E_USER_NOTICE 1024]初始化类Debug
2014-07-30 07:01:23/0.015734910964966s[E_USER_NOTICE 1024]自动加载类struggle\libraries\Debug
2014-07-30 07:01:23/0.018634796142578s[E_USER_NOTICE 1024]初始化类\struggle\libraries\cache\driver\File,初始化参数Array
(
    [file] => Caches/Runtime/application.log
    [mode] => ab
    [size] => 2000
    [renum] => 3
)

2014-07-30 07:01:23/0.018702983856201s[E_USER_NOTICE 1024]自动加载类struggle\libraries\cache\driver\File
2014-07-30 07:01:23/0.015666007995605s[E_USER_NOTICE 1024]路由模式0;url=>/struggle/code/
2014-07-30 07:01:23/0.023414850234985s[E_USER_NOTICE 1024]模块标签=>m;方法标签=>a;模块=>Index;方法=>Index
2014-07-30 07:01:23/0.069929838180542s[E_USER_NOTICE 1024]select 语句参数信息 : Array
(
    [join] => 
    [where] => WHERE (`name`=? and `pwd` >=?) or (`create_time` in(?,?) and `desc`<=?)
    [groupby] => 
    [having] => 
    [orderby] => 
    [limit] => LIMIT 1
    [field] => *
)
struggle\libraries\db\driver\PdoMysqlDriver::parseOpt line 229
2014-07-30 07:01:23/0.070219993591309s[E_USER_NOTICE 1024]SQL语句拼接:SELECT * FROM sle_user AS User  WHERE (`name`=? and `pwd` >=?) or (`create_time` in(?,?) and `desc`<=?)    LIMIT 1
2014-07-30 07:01:23/0.071242809295654s[E_USER_NOTICE 1024]SQL绑定参数:Array
(
    [0] => sys
    [1] => 1
    [2] => 2{
    [3] => 2
    [4] => 3
)

2014-07-30 07:01:23/0.085340976715088s[E_USER_NOTICE 1024]调用struggle\libraries\core\View::_include_once('html/header')方法
2014-07-30 07:01:23/0.086923837661743s[E_USER_NOTICE 1024]调用struggle\libraries\core\View::_url('show/shit?act=add&id=$id')方法
2014-07-30 07:01:23/0.08745002746582s[E_USER_NOTICE 1024]调用struggle\libraries\core\View::_include_once('html/footer')方法
2014-07-30 07:01:23/0.089691877365112s[E_USER_NOTICE 1024]把编译后内容写入编译文件Caches/Runtime/d32755fc7474853ca0ec722e8210f154.php
2014-07-30 08:29:37/0.00073599815368652s[E_USER_NOTICE 1024]加载核心函数文件Struggle/Config/Functions.php
2014-07-30 08:29:37/0.0054099559783936s[E_USER_NOTICE 1024]加载核心配置文件Struggle/Config/Config.php
2014-07-30 08:29:37/0.0068199634552002s[E_USER_NOTICE 1024]加载项目配置文件Config/Config.php
2014-07-30 08:29:37/0.0074961185455322s[E_USER_NOTICE 1024]所有配置参数值Array
(
    [CACHE_ENGINE] => file
    [CACHE_DIR] => 
    [LOG_TYPE] => file
    [LOG_BASE_PATH] => Caches/
    [LOG_PATH] => Runtime/
    [LOG_NAME] => application
    [LOG_EXT] => log
    [LOG_MAX_SIZE] => 2000
    [VIEW_THEME_PATH] => Themes/
    [VIEW_THEME] => Default
    [VIEW_TPL_SUFFIX] => htm
    [LANG_NAME] => zh-cn
    [DEBUG_RECORD_TYPE] => file
    [DEBUG_RECORD_FILE_NAME] => application
    [DEBUG_RECORD_FILE_PATH] => Caches/Runtime/
    [DEBUG_RECORD_FILE_EXT] => log
    [DEBUG_RECORD_FILE_MODE] => ab
    [DEBUG_RECORD_FILE_SIZE] => 2000
    [DEBUG_RECORD_FILE_NUM] => 3
    [DEBUG_LEVEL] => all
    [ROUTE_MODE] => 0
    [ROUTE_DEFAULT_MODULE] => index
    [ROUTE_DEFAULT_ACTION] => index
    [ROUTE_MODULE_TAG] => m
    [ROUTE_ACTION_TAG] => a
    [AUTOLOAD_DIR] => AddOnes/,Struggle/Libraries/,Struggle/Libraries/Cache/Driver/,Controller/
    [LANG_CHARACTER_SET] => utf-8
    [DB_TYPE] => pdo
    [DB_DRIVER] => mysql
    [DB_NAME] => sle
    [DB_USER] => root
    [DB_PWD] => 
    [DB_HOST] => 127.0.0.1
    [DB_PORT] => 3306
    [DB_DNS] => 
    [DB_TABLE_SUFFIX] => 
    [DB_TABLE_PREFIX] => sle_
)

2014-07-30 08:29:37/0.0081689357757568s[E_USER_NOTICE 1024]语言配置文件Struggle/Config/zh-cn.php处理
2014-07-30 08:29:37/0.0084559917449951s[E_USER_WARNING 512]语言文件不存在Config/zh-cn.php,文件名区分大小写
2014-07-30 08:29:37/0.0094521045684814s[E_USER_NOTICE 1024]加载核心文件Struggle/Libraries/Object.php
2014-07-30 08:29:37/0.010376930236816s[E_USER_NOTICE 1024]加载核心文件Struggle/Libraries/Exception.php
2014-07-30 08:29:37/0.011162042617798s[E_USER_NOTICE 1024]加载核心文件Struggle/Libraries/Core/Route.php
2014-07-30 08:29:37/0.012879133224487s[E_USER_NOTICE 1024]加载核心文件Struggle/Libraries/Core/Controller.php
2014-07-30 08:29:37/0.015816926956177s[E_USER_NOTICE 1024]加载核心文件Struggle/Libraries/Core/Model.php
2014-07-30 08:29:37/0.016411066055298s[E_USER_NOTICE 1024]加载核心文件Struggle/Libraries/Db/Db.php
2014-07-30 08:29:37/0.020544052124023s[E_USER_NOTICE 1024]加载核心文件Struggle/Libraries/Core/View.php
2014-07-30 08:29:37/0.020859956741333s[E_USER_NOTICE 1024]设置/var/www/html/struggle/code/AddOnes/:/var/www/html/struggle/code/Struggle/Libraries/:/var/www/html/struggle/code/Struggle/Libraries/Cache/Driver/:/var/www/html/struggle/code/Controller/:自动包含目录
2014-07-30 08:29:37/0.020938158035278s[E_USER_NOTICE 1024]自定义自动包含处理函数\struggle\autoLoad
2014-07-30 08:29:37/0.020982980728149s[E_USER_NOTICE 1024]自定义shutdown处理句柄\struggle\libraries\Exception::shutdownHandle
2014-07-30 08:29:37/0.021026134490967s[E_USER_NOTICE 1024]自定义异常处理句柄\struggle\libraries\Exception::exceptionHandle
2014-07-30 08:29:37/0.021068096160889s[E_USER_NOTICE 1024]自定义错误处理句柄\struggle\libraries\Exception::errorHandle
2014-07-30 08:29:37/0.021304130554199s[E_USER_NOTICE 1024]初始化类Route
2014-07-30 08:29:37/0.021430015563965s[E_USER_NOTICE 1024]初始化类Debug
2014-07-30 08:29:37/0.021471977233887s[E_USER_NOTICE 1024]自动加载类struggle\libraries\Debug
2014-07-30 08:29:37/0.025124073028564s[E_USER_NOTICE 1024]初始化类\struggle\libraries\cache\driver\File,初始化参数Array
(
    [file] => Caches/Runtime/application.log
    [mode] => ab
    [size] => 2000
    [renum] => 3
)

2014-07-30 08:29:37/0.025212049484253s[E_USER_NOTICE 1024]自动加载类struggle\libraries\cache\driver\File
2014-07-30 08:29:37/0.021399021148682s[E_USER_NOTICE 1024]路由模式0;url=>/struggle/code/
2014-07-30 08:29:37/0.030501127243042s[E_USER_NOTICE 1024]模块标签=>m;方法标签=>a;模块=>Index;方法=>Index
2014-07-30 08:29:37/0.06112813949585s[E_USER_NOTICE 1024]select 语句参数信息 : Array
(
    [join] => 
    [where] => WHERE (`name`=? and `pwd` >=?) or (`create_time` in(?,?) and `desc`<=?)
    [groupby] => 
    [having] => 
    [orderby] => 
    [limit] => LIMIT 1
    [field] => *
)
struggle\libraries\db\driver\PdoMysqlDriver::parseOpt line 229
2014-07-30 08:29:37/0.061424970626831s[E_USER_NOTICE 1024]SQL语句拼接:SELECT * FROM sle_user AS User  WHERE (`name`=? and `pwd` >=?) or (`create_time` in(?,?) and `desc`<=?)    LIMIT 1
2014-07-30 08:29:37/0.062241077423096s[E_USER_NOTICE 1024]SQL绑定参数:Array
(
    [0] => sys
    [1] => 1
    [2] => 2{
    [3] => 2
    [4] => 3
)

2014-07-30 08:29:37/0.064773082733154s[E_USER_NOTICE 1024]调用struggle\libraries\core\View::_include_once('html/header')方法
2014-07-30 08:29:37/0.065489053726196s[E_USER_NOTICE 1024]调用struggle\libraries\core\View::_url('show/shit?act=add&id=$id')方法
2014-07-30 08:29:37/0.065820932388306s[E_USER_NOTICE 1024]调用struggle\libraries\core\View::_include_once('html/footer')方法
2014-07-30 08:29:37/0.066599130630493s[E_USER_NOTICE 1024]把编译后内容写入编译文件Caches/Runtime/d32755fc7474853ca0ec722e8210f154.php
2014-07-30 08:30:24/0.00092196464538574s[E_USER_NOTICE 1024]加载核心函数文件Struggle/Config/Functions.php
2014-07-30 08:30:24/0.007659912109375s[E_USER_NOTICE 1024]加载核心配置文件Struggle/Config/Config.php
2014-07-30 08:30:24/0.0082781314849854s[E_USER_NOTICE 1024]加载项目配置文件Config/Config.php
2014-07-30 08:30:24/0.0085921287536621s[E_USER_NOTICE 1024]所有配置参数值Array
(
    [CACHE_ENGINE] => file
    [CACHE_DIR] => 
    [LOG_TYPE] => file
    [LOG_BASE_PATH] => Caches/
    [LOG_PATH] => Runtime/
    [LOG_NAME] => application
    [LOG_EXT] => log
    [LOG_MAX_SIZE] => 2000
    [VIEW_THEME_PATH] => Themes/
    [VIEW_THEME] => Default
    [VIEW_TPL_SUFFIX] => htm
    [LANG_NAME] => zh-cn
    [DEBUG_RECORD_TYPE] => file
    [DEBUG_RECORD_FILE_NAME] => application
    [DEBUG_RECORD_FILE_PATH] => Caches/Runtime/
    [DEBUG_RECORD_FILE_EXT] => log
    [DEBUG_RECORD_FILE_MODE] => ab
    [DEBUG_RECORD_FILE_SIZE] => 2000
    [DEBUG_RECORD_FILE_NUM] => 3
    [DEBUG_LEVEL] => all
    [ROUTE_MODE] => 0
    [ROUTE_DEFAULT_MODULE] => index
    [ROUTE_DEFAULT_ACTION] => index
    [ROUTE_MODULE_TAG] => m
    [ROUTE_ACTION_TAG] => a
    [AUTOLOAD_DIR] => AddOnes/,Struggle/Libraries/,Struggle/Libraries/Cache/Driver/,Controller/
    [LANG_CHARACTER_SET] => utf-8
    [DB_TYPE] => pdo
    [DB_DRIVER] => mysql
    [DB_NAME] => sle
    [DB_USER] => root
    [DB_PWD] => 
    [DB_HOST] => 127.0.0.1
    [DB_PORT] => 3306
    [DB_DNS] => 
    [DB_TABLE_SUFFIX] => 
    [DB_TABLE_PREFIX] => sle_
)

2014-07-30 08:30:24/0.0089991092681885s[E_USER_NOTICE 1024]语言配置文件Struggle/Config/zh-cn.php处理
2014-07-30 08:30:24/0.0092380046844482s[E_USER_WARNING 512]语言文件不存在Config/zh-cn.php,文件名区分大小写
2014-07-30 08:30:24/0.010316133499146s[E_USER_NOTICE 1024]加载核心文件Struggle/Libraries/Object.php
2014-07-30 08:30:24/0.011166095733643s[E_USER_NOTICE 1024]加载核心文件Struggle/Libraries/Exception.php
2014-07-30 08:30:24/0.013727903366089s[E_USER_NOTICE 1024]加载核心文件Struggle/Libraries/Core/Route.php
2014-07-30 08:30:24/0.017758131027222s[E_USER_NOTICE 1024]加载核心文件Struggle/Libraries/Core/Controller.php
2014-07-30 08:30:24/0.020671129226685s[E_USER_NOTICE 1024]加载核心文件Struggle/Libraries/Core/Model.php
2014-07-30 08:30:24/0.021080017089844s[E_USER_NOTICE 1024]加载核心文件Struggle/Libraries/Db/Db.php
2014-07-30 08:30:24/0.024101972579956s[E_USER_NOTICE 1024]加载核心文件Struggle/Libraries/Core/View.php
2014-07-30 08:30:24/0.024476051330566s[E_USER_NOTICE 1024]设置/var/www/html/struggle/code/AddOnes/:/var/www/html/struggle/code/Struggle/Libraries/:/var/www/html/struggle/code/Struggle/Libraries/Cache/Driver/:/var/www/html/struggle/code/Controller/:自动包含目录
2014-07-30 08:30:24/0.024543046951294s[E_USER_NOTICE 1024]自定义自动包含处理函数\struggle\autoLoad
2014-07-30 08:30:24/0.024584054946899s[E_USER_NOTICE 1024]自定义shutdown处理句柄\struggle\libraries\Exception::shutdownHandle
2014-07-30 08:30:24/0.024621963500977s[E_USER_NOTICE 1024]自定义异常处理句柄\struggle\libraries\Exception::exceptionHandle
2014-07-30 08:30:24/0.024657964706421s[E_USER_NOTICE 1024]自定义错误处理句柄\struggle\libraries\Exception::errorHandle
2014-07-30 08:30:24/0.02479100227356s[E_USER_NOTICE 1024]初始化类Route
2014-07-30 08:30:24/0.024899005889893s[E_USER_NOTICE 1024]初始化类Debug
2014-07-30 08:30:24/0.024938106536865s[E_USER_NOTICE 1024]自动加载类struggle\libraries\Debug
2014-07-30 08:30:24/0.029220104217529s[E_USER_NOTICE 1024]初始化类\struggle\libraries\cache\driver\File,初始化参数Array
(
    [file] => Caches/Runtime/application.log
    [mode] => ab
    [size] => 2000
    [renum] => 3
)

2014-07-30 08:30:24/0.029310941696167s[E_USER_NOTICE 1024]自动加载类struggle\libraries\cache\driver\File
2014-07-30 08:30:24/0.024871110916138s[E_USER_NOTICE 1024]路由模式0;url=>/struggle/code/
2014-07-30 08:30:24/0.034706115722656s[E_USER_NOTICE 1024]模块标签=>m;方法标签=>a;模块=>Index;方法=>Index
2014-07-30 08:30:24/0.063414096832275s[E_USER_NOTICE 1024]select 语句参数信息 : Array
(
    [join] => 
    [where] => WHERE (`name`=? and `pwd` >=?) or (`create_time` in(?,?) and `desc`<=?)
    [groupby] => 
    [having] => 
    [orderby] => 
    [limit] => LIMIT 1
    [field] => *
)
struggle\libraries\db\driver\PdoMysqlDriver::parseOpt line 229
2014-07-30 08:30:24/0.064152956008911s[E_USER_NOTICE 1024]SQL语句拼接:SELECT * FROM sle_user AS User  WHERE (`name`=? and `pwd` >=?) or (`create_time` in(?,?) and `desc`<=?)    LIMIT 1
2014-07-30 08:30:24/0.065345048904419s[E_USER_NOTICE 1024]SQL绑定参数:Array
(
    [0] => sys
    [1] => 1
    [2] => 2{
    [3] => 2
    [4] => 3
)

2014-07-30 08:30:24/0.067670106887817s[E_USER_NOTICE 1024]调用struggle\libraries\core\View::_include_once('html/header')方法
2014-07-30 08:30:24/0.068325042724609s[E_USER_NOTICE 1024]调用struggle\libraries\core\View::_url('show/shit?act=add&id=$id')方法
2014-07-30 08:30:24/0.06864595413208s[E_USER_NOTICE 1024]调用struggle\libraries\core\View::_include_once('html/footer')方法
2014-07-30 08:30:24/0.069471120834351s[E_USER_NOTICE 1024]把编译后内容写入编译文件Caches/Runtime/d32755fc7474853ca0ec722e8210f154.php
2014-07-30 08:30:26/0.0017039775848389s[E_USER_NOTICE 1024]加载核心函数文件Struggle/Config/Functions.php
2014-07-30 08:30:26/0.0095241069793701s[E_USER_NOTICE 1024]加载核心配置文件Struggle/Config/Config.php
2014-07-30 08:30:26/0.010180950164795s[E_USER_NOTICE 1024]加载项目配置文件Config/Config.php
2014-07-30 08:30:26/0.010601997375488s[E_USER_NOTICE 1024]所有配置参数值Array
(
    [CACHE_ENGINE] => file
    [CACHE_DIR] => 
    [LOG_TYPE] => file
    [LOG_BASE_PATH] => Caches/
    [LOG_PATH] => Runtime/
    [LOG_NAME] => application
    [LOG_EXT] => log
    [LOG_MAX_SIZE] => 2000
    [VIEW_THEME_PATH] => Themes/
    [VIEW_THEME] => Default
    [VIEW_TPL_SUFFIX] => htm
    [LANG_NAME] => zh-cn
    [DEBUG_RECORD_TYPE] => file
    [DEBUG_RECORD_FILE_NAME] => application
    [DEBUG_RECORD_FILE_PATH] => Caches/Runtime/
    [DEBUG_RECORD_FILE_EXT] => log
    [DEBUG_RECORD_FILE_MODE] => ab
    [DEBUG_RECORD_FILE_SIZE] => 2000
    [DEBUG_RECORD_FILE_NUM] => 3
    [DEBUG_LEVEL] => all
    [ROUTE_MODE] => 0
    [ROUTE_DEFAULT_MODULE] => index
    [ROUTE_DEFAULT_ACTION] => index
    [ROUTE_MODULE_TAG] => m
    [ROUTE_ACTION_TAG] => a
    [AUTOLOAD_DIR] => AddOnes/,Struggle/Libraries/,Struggle/Libraries/Cache/Driver/,Controller/
    [LANG_CHARACTER_SET] => utf-8
    [DB_TYPE] => pdo
    [DB_DRIVER] => mysql
    [DB_NAME] => sle
    [DB_USER] => root
    [DB_PWD] => 
    [DB_HOST] => 127.0.0.1
    [DB_PORT] => 3306
    [DB_DNS] => 
    [DB_TABLE_SUFFIX] => 
    [DB_TABLE_PREFIX] => sle_
)

2014-07-30 08:30:26/0.01118803024292s[E_USER_NOTICE 1024]语言配置文件Struggle/Config/zh-cn.php处理
2014-07-30 08:30:26/0.011367082595825s[E_USER_WARNING 512]语言文件不存在Config/zh-cn.php,文件名区分大小写
2014-07-30 08:30:26/0.012921094894409s[E_USER_NOTICE 1024]加载核心文件Struggle/Libraries/Object.php
2014-07-30 08:30:26/0.013622045516968s[E_USER_NOTICE 1024]加载核心文件Struggle/Libraries/Exception.php
2014-07-30 08:30:26/0.015166044235229s[E_USER_NOTICE 1024]加载核心文件Struggle/Libraries/Core/Route.php
2014-07-30 08:30:26/0.01911997795105s[E_USER_NOTICE 1024]加载核心文件Struggle/Libraries/Core/Controller.php
2014-07-30 08:30:26/0.02249002456665s[E_USER_NOTICE 1024]加载核心文件Struggle/Libraries/Core/Model.php
2014-07-30 08:30:26/0.022941112518311s[E_USER_NOTICE 1024]加载核心文件Struggle/Libraries/Db/Db.php
2014-07-30 08:30:26/0.026050090789795s[E_USER_NOTICE 1024]加载核心文件Struggle/Libraries/Core/View.php
2014-07-30 08:30:26/0.026317119598389s[E_USER_NOTICE 1024]设置/var/www/html/struggle/code/AddOnes/:/var/www/html/struggle/code/Struggle/Libraries/:/var/www/html/struggle/code/Struggle/Libraries/Cache/Driver/:/var/www/html/struggle/code/Controller/:自动包含目录
2014-07-30 08:30:26/0.0263831615448s[E_USER_NOTICE 1024]自定义自动包含处理函数\struggle\autoLoad
2014-07-30 08:30:26/0.026425123214722s[E_USER_NOTICE 1024]自定义shutdown处理句柄\struggle\libraries\Exception::shutdownHandle
2014-07-30 08:30:27/0.026463031768799s[E_USER_NOTICE 1024]自定义异常处理句柄\struggle\libraries\Exception::exceptionHandle
2014-07-30 08:30:27/0.026499032974243s[E_USER_NOTICE 1024]自定义错误处理句柄\struggle\libraries\Exception::errorHandle
2014-07-30 08:30:27/0.026659965515137s[E_USER_NOTICE 1024]初始化类Route
2014-07-30 08:30:27/0.026774168014526s[E_USER_NOTICE 1024]初始化类Debug
2014-07-30 08:30:27/0.02681303024292s[E_USER_NOTICE 1024]自动加载类struggle\libraries\Debug
2014-07-30 08:30:27/0.029812097549438s[E_USER_NOTICE 1024]初始化类\struggle\libraries\cache\driver\File,初始化参数Array
(
    [file] => Caches/Runtime/application.log
    [mode] => ab
    [size] => 2000
    [renum] => 3
)

2014-07-30 08:30:27/0.029883146286011s[E_USER_NOTICE 1024]自动加载类struggle\libraries\cache\driver\File
2014-07-30 08:30:27/0.026745080947876s[E_USER_NOTICE 1024]路由模式0;url=>/struggle/code/
2014-07-30 08:30:27/0.034441947937012s[E_USER_NOTICE 1024]模块标签=>m;方法标签=>a;模块=>Index;方法=>Index
2014-07-30 08:30:27/0.055976152420044s[E_USER_NOTICE 1024]select 语句参数信息 : Array
(
    [join] => 
    [where] => WHERE (`name`=? and `pwd` >=?) or (`create_time` in(?,?) and `desc`<=?)
    [groupby] => 
    [having] => 
    [orderby] => 
    [limit] => LIMIT 1
    [field] => *
)
struggle\libraries\db\driver\PdoMysqlDriver::parseOpt line 229
2014-07-30 08:30:27/0.056276082992554s[E_USER_NOTICE 1024]SQL语句拼接:SELECT * FROM sle_user AS User  WHERE (`name`=? and `pwd` >=?) or (`create_time` in(?,?) and `desc`<=?)    LIMIT 1
2014-07-30 08:30:27/0.056875944137573s[E_USER_NOTICE 1024]SQL绑定参数:Array
(
    [0] => sys
    [1] => 1
    [2] => 2{
    [3] => 2
    [4] => 3
)

2014-07-30 08:30:27/0.059101104736328s[E_USER_NOTICE 1024]调用struggle\libraries\core\View::_include_once('html/header')方法
2014-07-30 08:30:27/0.059752941131592s[E_USER_NOTICE 1024]调用struggle\libraries\core\View::_url('show/shit?act=add&id=$id')方法
2014-07-30 08:30:27/0.060137987136841s[E_USER_NOTICE 1024]调用struggle\libraries\core\View::_include_once('html/footer')方法
2014-07-30 08:30:27/0.06125807762146s[E_USER_NOTICE 1024]把编译后内容写入编译文件Caches/Runtime/d32755fc7474853ca0ec722e8210f154.php
2014-07-30 08:31:08/0.0025532245635986s[E_USER_NOTICE 1024]加载核心函数文件Struggle/Config/Functions.php
2014-07-30 08:31:08/0.012086153030396s[E_USER_NOTICE 1024]加载核心配置文件Struggle/Config/Config.php
2014-07-30 08:31:08/0.012813091278076s[E_USER_NOTICE 1024]加载项目配置文件Config/Config.php
2014-07-30 08:31:08/0.013429164886475s[E_USER_NOTICE 1024]所有配置参数值Array
(
    [CACHE_ENGINE] => file
    [CACHE_DIR] => 
    [LOG_TYPE] => file
    [LOG_BASE_PATH] => Caches/
    [LOG_PATH] => Runtime/
    [LOG_NAME] => application
    [LOG_EXT] => log
    [LOG_MAX_SIZE] => 2000
    [VIEW_THEME_PATH] => Themes/
    [VIEW_THEME] => Default
    [VIEW_TPL_SUFFIX] => htm
    [LANG_NAME] => zh-cn
    [DEBUG_RECORD_TYPE] => file
    [DEBUG_RECORD_FILE_NAME] => application
    [DEBUG_RECORD_FILE_PATH] => Caches/Runtime/
    [DEBUG_RECORD_FILE_EXT] => log
    [DEBUG_RECORD_FILE_MODE] => ab
    [DEBUG_RECORD_FILE_SIZE] => 2000
    [DEBUG_RECORD_FILE_NUM] => 3
    [DEBUG_LEVEL] => all
    [ROUTE_MODE] => 0
    [ROUTE_DEFAULT_MODULE] => index
    [ROUTE_DEFAULT_ACTION] => index
    [ROUTE_MODULE_TAG] => m
    [ROUTE_ACTION_TAG] => a
    [AUTOLOAD_DIR] => AddOnes/,Struggle/Libraries/,Struggle/Libraries/Cache/Driver/,Controller/
    [LANG_CHARACTER_SET] => utf-8
    [DB_TYPE] => pdo
    [DB_DRIVER] => mysql
    [DB_NAME] => sle
    [DB_USER] => root
    [DB_PWD] => 
    [DB_HOST] => 127.0.0.1
    [DB_PORT] => 3306
    [DB_DNS] => 
    [DB_TABLE_SUFFIX] => 
    [DB_TABLE_PREFIX] => sle_
)

2014-07-30 08:31:08/0.014082193374634s[E_USER_NOTICE 1024]语言配置文件Struggle/Config/zh-cn.php处理
2014-07-30 08:31:08/0.014289140701294s[E_USER_WARNING 512]语言文件不存在Config/zh-cn.php,文件名区分大小写
2014-07-30 08:31:08/0.015347003936768s[E_USER_NOTICE 1024]加载核心文件Struggle/Libraries/Object.php
2014-07-30 08:31:08/0.016049146652222s[E_USER_NOTICE 1024]加载核心文件Struggle/Libraries/Exception.php
2014-07-30 08:31:08/0.017274141311646s[E_USER_NOTICE 1024]加载核心文件Struggle/Libraries/Core/Route.php
2014-07-30 08:31:08/0.020300149917603s[E_USER_NOTICE 1024]加载核心文件Struggle/Libraries/Core/Controller.php
2014-07-30 08:31:08/0.02321720123291s[E_USER_NOTICE 1024]加载核心文件Struggle/Libraries/Core/Model.php
2014-07-30 08:31:08/0.023624181747437s[E_USER_NOTICE 1024]加载核心文件Struggle/Libraries/Db/Db.php
2014-07-30 08:31:08/0.026825189590454s[E_USER_NOTICE 1024]加载核心文件Struggle/Libraries/Core/View.php
2014-07-30 08:31:08/0.027083158493042s[E_USER_NOTICE 1024]设置/var/www/html/struggle/code/AddOnes/:/var/www/html/struggle/code/Struggle/Libraries/:/var/www/html/struggle/code/Struggle/Libraries/Cache/Driver/:/var/www/html/struggle/code/Controller/:自动包含目录
2014-07-30 08:31:08/0.027148008346558s[E_USER_NOTICE 1024]自定义自动包含处理函数\struggle\autoLoad
2014-07-30 08:31:08/0.027189016342163s[E_USER_NOTICE 1024]自定义shutdown处理句柄\struggle\libraries\Exception::shutdownHandle
2014-07-30 08:31:08/0.027234077453613s[E_USER_NOTICE 1024]自定义异常处理句柄\struggle\libraries\Exception::exceptionHandle
2014-07-30 08:31:08/0.02727222442627s[E_USER_NOTICE 1024]自定义错误处理句柄\struggle\libraries\Exception::errorHandle
2014-07-30 08:31:08/0.027453184127808s[E_USER_NOTICE 1024]初始化类Route
2014-07-30 08:31:08/0.027567148208618s[E_USER_NOTICE 1024]初始化类Debug
2014-07-30 08:31:08/0.027605056762695s[E_USER_NOTICE 1024]自动加载类struggle\libraries\Debug
2014-07-30 08:31:08/0.030529022216797s[E_USER_NOTICE 1024]初始化类\struggle\libraries\cache\driver\File,初始化参数Array
(
    [file] => Caches/Runtime/application.log
    [mode] => ab
    [size] => 2000
    [renum] => 3
)

2014-07-30 08:31:08/0.030604124069214s[E_USER_NOTICE 1024]自动加载类struggle\libraries\cache\driver\File
2014-07-30 08:31:08/0.027536153793335s[E_USER_NOTICE 1024]路由模式0;url=>/struggle/code/
2014-07-30 08:31:08/0.03528904914856s[E_USER_NOTICE 1024]模块标签=>m;方法标签=>a;模块=>Index;方法=>Index
2014-07-30 08:31:08/0.058523178100586s[E_USER_NOTICE 1024]select 语句参数信息 : Array
(
    [join] => 
    [where] => WHERE (`name`=? and `pwd` >=?) or (`create_time` in(?,?) and `desc`<=?)
    [groupby] => 
    [having] => 
    [orderby] => 
    [limit] => LIMIT 1
    [field] => *
)
struggle\libraries\db\driver\PdoMysqlDriver::parseOpt line 229
2014-07-30 08:31:08/0.058802127838135s[E_USER_NOTICE 1024]SQL语句拼接:SELECT * FROM sle_user AS u  WHERE (`name`=? and `pwd` >=?) or (`create_time` in(?,?) and `desc`<=?)    LIMIT 1
2014-07-30 08:31:08/0.059454202651978s[E_USER_NOTICE 1024]SQL绑定参数:Array
(
    [0] => sys
    [1] => 1
    [2] => 2{
    [3] => 2
    [4] => 3
)

2014-07-30 08:31:08/0.061610221862793s[E_USER_NOTICE 1024]调用struggle\libraries\core\View::_include_once('html/header')方法
2014-07-30 08:31:08/0.062239170074463s[E_USER_NOTICE 1024]调用struggle\libraries\core\View::_url('show/shit?act=add&id=$id')方法
2014-07-30 08:31:08/0.062555074691772s[E_USER_NOTICE 1024]调用struggle\libraries\core\View::_include_once('html/footer')方法
2014-07-30 08:31:08/0.063526153564453s[E_USER_NOTICE 1024]把编译后内容写入编译文件Caches/Runtime/d32755fc7474853ca0ec722e8210f154.php
2014-07-30 08:32:32/0.00026702880859375s[E_USER_NOTICE 1024]加载核心函数文件Struggle/Config/Functions.php
2014-07-30 08:32:32/0.0040929317474365s[E_USER_NOTICE 1024]加载核心配置文件Struggle/Config/Config.php
2014-07-30 08:32:32/0.0045981407165527s[E_USER_NOTICE 1024]加载项目配置文件Config/Config.php
2014-07-30 08:32:32/0.00484299659729s[E_USER_NOTICE 1024]所有配置参数值Array
(
    [CACHE_ENGINE] => file
    [CACHE_DIR] => 
    [LOG_TYPE] => file
    [LOG_BASE_PATH] => Caches/
    [LOG_PATH] => Runtime/
    [LOG_NAME] => application
    [LOG_EXT] => log
    [LOG_MAX_SIZE] => 2000
    [VIEW_THEME_PATH] => Themes/
    [VIEW_THEME] => Default
    [VIEW_TPL_SUFFIX] => htm
    [LANG_NAME] => zh-cn
    [DEBUG_RECORD_TYPE] => file
    [DEBUG_RECORD_FILE_NAME] => application
    [DEBUG_RECORD_FILE_PATH] => Caches/Runtime/
    [DEBUG_RECORD_FILE_EXT] => log
    [DEBUG_RECORD_FILE_MODE] => ab
    [DEBUG_RECORD_FILE_SIZE] => 2000
    [DEBUG_RECORD_FILE_NUM] => 3
    [DEBUG_LEVEL] => all
    [ROUTE_MODE] => 0
    [ROUTE_DEFAULT_MODULE] => index
    [ROUTE_DEFAULT_ACTION] => index
    [ROUTE_MODULE_TAG] => m
    [ROUTE_ACTION_TAG] => a
    [AUTOLOAD_DIR] => AddOnes/,Struggle/Libraries/,Struggle/Libraries/Cache/Driver/,Controller/
    [LANG_CHARACTER_SET] => utf-8
    [DB_TYPE] => pdo
    [DB_DRIVER] => mysql
    [DB_NAME] => sle
    [DB_USER] => root
    [DB_PWD] => 
    [DB_HOST] => 127.0.0.1
    [DB_PORT] => 3306
    [DB_DNS] => 
    [DB_TABLE_SUFFIX] => 
    [DB_TABLE_PREFIX] => sle_
)

2014-07-30 08:32:32/0.0051119327545166s[E_USER_NOTICE 1024]语言配置文件Struggle/Config/zh-cn.php处理
2014-07-30 08:32:32/0.0053369998931885s[E_USER_WARNING 512]语言文件不存在Config/zh-cn.php,文件名区分大小写
2014-07-30 08:32:32/0.0060460567474365s[E_USER_NOTICE 1024]加载核心文件Struggle/Libraries/Object.php
2014-07-30 08:32:32/0.0065670013427734s[E_USER_NOTICE 1024]加载核心文件Struggle/Libraries/Exception.php
2014-07-30 08:32:32/0.007127046585083s[E_USER_NOTICE 1024]加载核心文件Struggle/Libraries/Core/Route.php
2014-07-30 08:32:32/0.0088210105895996s[E_USER_NOTICE 1024]加载核心文件Struggle/Libraries/Core/Controller.php
2014-07-30 08:32:32/0.011130094528198s[E_USER_NOTICE 1024]加载核心文件Struggle/Libraries/Core/Model.php
2014-07-30 08:32:32/0.011619091033936s[E_USER_NOTICE 1024]加载核心文件Struggle/Libraries/Db/Db.php
2014-07-30 08:32:32/0.0140061378479s[E_USER_NOTICE 1024]加载核心文件Struggle/Libraries/Core/View.php
2014-07-30 08:32:32/0.014440059661865s[E_USER_NOTICE 1024]设置/var/www/html/struggle/code/AddOnes/:/var/www/html/struggle/code/Struggle/Libraries/:/var/www/html/struggle/code/Struggle/Libraries/Cache/Driver/:/var/www/html/struggle/code/Controller/:自动包含目录
2014-07-30 08:32:32/0.014503002166748s[E_USER_NOTICE 1024]自定义自动包含处理函数\struggle\autoLoad
2014-07-30 08:32:32/0.014542102813721s[E_USER_NOTICE 1024]自定义shutdown处理句柄\struggle\libraries\Exception::shutdownHandle
2014-07-30 08:32:32/0.014572143554688s[E_USER_NOTICE 1024]自定义异常处理句柄\struggle\libraries\Exception::exceptionHandle
2014-07-30 08:32:32/0.014603137969971s[E_USER_NOTICE 1024]自定义错误处理句柄\struggle\libraries\Exception::errorHandle
2014-07-30 08:32:32/0.01466703414917s[E_USER_NOTICE 1024]初始化类Route
2014-07-30 08:32:32/0.014776945114136s[E_USER_NOTICE 1024]初始化类Debug
2014-07-30 08:32:32/0.014816045761108s[E_USER_NOTICE 1024]自动加载类struggle\libraries\Debug
2014-07-30 08:32:32/0.019129037857056s[E_USER_NOTICE 1024]初始化类\struggle\libraries\cache\driver\File,初始化参数Array
(
    [file] => Caches/Runtime/application.log
    [mode] => ab
    [size] => 2000
    [renum] => 3
)

2014-07-30 08:32:32/0.019321918487549s[E_USER_NOTICE 1024]自动加载类struggle\libraries\cache\driver\File
2014-07-30 08:32:32/0.014749050140381s[E_USER_NOTICE 1024]路由模式0;url=>/struggle/code/
2014-07-30 08:32:32/0.02375602722168s[E_USER_NOTICE 1024]模块标签=>m;方法标签=>a;模块=>Index;方法=>Index
2014-07-30 08:32:32/0.043432950973511s[E_USER_NOTICE 1024]select 语句参数信息 : Array
(
    [join] => 
    [where] => WHERE (`name`=? and `pwd` >=?) or (`create_time` in(?,?) and `desc`<=?)
    [groupby] => 
    [having] => 
    [orderby] => 
    [limit] => LIMIT 1
    [field] => *
)
struggle\libraries\db\driver\PdoMysqlDriver::parseOpt line 229
2014-07-30 08:32:32/0.043735980987549s[E_USER_NOTICE 1024]SQL语句拼接:SELECT * FROM sle_user AS u  WHERE (`name`=? and `pwd` >=?) or (`create_time` in(?,?) and `desc`<=?)    LIMIT 1
2014-07-30 08:32:32/0.044877052307129s[E_USER_NOTICE 1024]SQL绑定参数:Array
(
    [0] => sys
    [1] => 1
    [2] => 2{
    [3] => 2
    [4] => 3
)

2014-07-30 08:32:32/0.046996116638184s[E_USER_NOTICE 1024]调用struggle\libraries\core\View::_include_once('html/header')方法
2014-07-30 08:32:32/0.04764199256897s[E_USER_NOTICE 1024]调用struggle\libraries\core\View::_url('show/shit?act=add&id=$id')方法
2014-07-30 08:32:32/0.048033952713013s[E_USER_NOTICE 1024]调用struggle\libraries\core\View::_include_once('html/footer')方法
2014-07-30 08:32:32/0.049067974090576s[E_USER_NOTICE 1024]把编译后内容写入编译文件Caches/Runtime/d32755fc7474853ca0ec722e8210f154.php
2014-07-30 08:35:47/0.00078988075256348s[E_USER_NOTICE 1024]加载核心函数文件Struggle/Config/Functions.php
2014-07-30 08:35:47/0.0061960220336914s[E_USER_NOTICE 1024]加载核心配置文件Struggle/Config/Config.php
2014-07-30 08:35:47/0.006680965423584s[E_USER_NOTICE 1024]加载项目配置文件Config/Config.php
2014-07-30 08:35:47/0.0069499015808105s[E_USER_NOTICE 1024]所有配置参数值Array
(
    [CACHE_ENGINE] => file
    [CACHE_DIR] => 
    [LOG_TYPE] => file
    [LOG_BASE_PATH] => Caches/
    [LOG_PATH] => Runtime/
    [LOG_NAME] => application
    [LOG_EXT] => log
    [LOG_MAX_SIZE] => 2000
    [VIEW_THEME_PATH] => Themes/
    [VIEW_THEME] => Default
    [VIEW_TPL_SUFFIX] => htm
    [LANG_NAME] => zh-cn
    [DEBUG_RECORD_TYPE] => file
    [DEBUG_RECORD_FILE_NAME] => application
    [DEBUG_RECORD_FILE_PATH] => Caches/Runtime/
    [DEBUG_RECORD_FILE_EXT] => log
    [DEBUG_RECORD_FILE_MODE] => ab
    [DEBUG_RECORD_FILE_SIZE] => 2000
    [DEBUG_RECORD_FILE_NUM] => 3
    [DEBUG_LEVEL] => all
    [ROUTE_MODE] => 0
    [ROUTE_DEFAULT_MODULE] => index
    [ROUTE_DEFAULT_ACTION] => index
    [ROUTE_MODULE_TAG] => m
    [ROUTE_ACTION_TAG] => a
    [AUTOLOAD_DIR] => AddOnes/,Struggle/Libraries/,Struggle/Libraries/Cache/Driver/,Controller/
    [LANG_CHARACTER_SET] => utf-8
    [DB_TYPE] => pdo
    [DB_DRIVER] => mysql
    [DB_NAME] => sle
    [DB_USER] => root
    [DB_PWD] => 
    [DB_HOST] => 127.0.0.1
    [DB_PORT] => 3306
    [DB_DNS] => 
    [DB_TABLE_SUFFIX] => 
    [DB_TABLE_PREFIX] => sle_
)

2014-07-30 08:35:47/0.0074079036712646s[E_USER_NOTICE 1024]语言配置文件Struggle/Config/zh-cn.php处理
2014-07-30 08:35:47/0.0075628757476807s[E_USER_WARNING 512]语言文件不存在Config/zh-cn.php,文件名区分大小写
2014-07-30 08:35:47/0.0084629058837891s[E_USER_NOTICE 1024]加载核心文件Struggle/Libraries/Object.php
2014-07-30 08:35:47/0.0090818405151367s[E_USER_NOTICE 1024]加载核心文件Struggle/Libraries/Exception.php
2014-07-30 08:35:47/0.010120868682861s[E_USER_NOTICE 1024]加载核心文件Struggle/Libraries/Core/Route.php
2014-07-30 08:35:47/0.013284921646118s[E_USER_NOTICE 1024]加载核心文件Struggle/Libraries/Core/Controller.php
2014-07-30 08:35:47/0.016613960266113s[E_USER_NOTICE 1024]加载核心文件Struggle/Libraries/Core/Model.php
2014-07-30 08:35:47/0.017153024673462s[E_USER_NOTICE 1024]加载核心文件Struggle/Libraries/Db/Db.php
2014-07-30 08:35:47/0.020339012145996s[E_USER_NOTICE 1024]加载核心文件Struggle/Libraries/Core/View.php
2014-07-30 08:35:47/0.020587921142578s[E_USER_NOTICE 1024]设置/var/www/html/struggle/code/AddOnes/:/var/www/html/struggle/code/Struggle/Libraries/:/var/www/html/struggle/code/Struggle/Libraries/Cache/Driver/:/var/www/html/struggle/code/Controller/:自动包含目录
2014-07-30 08:35:47/0.0206458568573s[E_USER_NOTICE 1024]自定义自动包含处理函数\struggle\autoLoad
2014-07-30 08:35:47/0.020684003829956s[E_USER_NOTICE 1024]自定义shutdown处理句柄\struggle\libraries\Exception::shutdownHandle
2014-07-30 08:35:47/0.020716905593872s[E_USER_NOTICE 1024]自定义异常处理句柄\struggle\libraries\Exception::exceptionHandle
2014-07-30 08:35:47/0.020750045776367s[E_USER_NOTICE 1024]自定义错误处理句柄\struggle\libraries\Exception::errorHandle
2014-07-30 08:35:47/0.020813941955566s[E_USER_NOTICE 1024]初始化类Route
2014-07-30 08:35:47/0.020895957946777s[E_USER_NOTICE 1024]初始化类Debug
2014-07-30 08:35:47/0.020928859710693s[E_USER_NOTICE 1024]自动加载类struggle\libraries\Debug
2014-07-30 08:35:47/0.023684024810791s[E_USER_NOTICE 1024]初始化类\struggle\libraries\cache\driver\File,初始化参数Array
(
    [file] => Caches/Runtime/application.log
    [mode] => ab
    [size] => 2000
    [renum] => 3
)

2014-07-30 08:35:47/0.02374792098999s[E_USER_NOTICE 1024]自动加载类struggle\libraries\cache\driver\File
2014-07-30 08:35:47/0.020872831344604s[E_USER_NOTICE 1024]路由模式0;url=>/struggle/code/
2014-07-30 08:35:47/0.028069019317627s[E_USER_NOTICE 1024]模块标签=>m;方法标签=>a;模块=>Index;方法=>Index
2014-07-30 08:35:47/0.048639059066772s[E_USER_NOTICE 1024]select 语句参数信息 : Array
(
    [join] => 
    [where] => WHERE (`name`=? and `pwd` >=?) or (`create_time` in(?,?) and `desc`<=?)
    [groupby] => 
    [having] => 
    [orderby] => 
    [limit] => LIMIT 1
    [field] => *
)
struggle\libraries\db\driver\PdoMysqlDriver::parseOpt line 229
2014-07-30 08:35:47/0.048909902572632s[E_USER_NOTICE 1024]SQL语句拼接:SELECT * FROM sle_user AS u  WHERE (`name`=? and `pwd` >=?) or (`create_time` in(?,?) and `desc`<=?)    LIMIT 1
2014-07-30 08:35:47/0.049583911895752s[E_USER_NOTICE 1024]SQL绑定参数:Array
(
    [0] => sys
    [1] => 1
    [2] => 2{
    [3] => 2
    [4] => 3
)

2014-07-30 08:35:47/0.051856994628906s[E_USER_NOTICE 1024]调用struggle\libraries\core\View::_include_once('html/header')方法
2014-07-30 08:35:47/0.053828001022339s[E_USER_NOTICE 1024]调用struggle\libraries\core\View::_url('show/shit?act=add&id=$id')方法
2014-07-30 08:35:47/0.054157018661499s[E_USER_NOTICE 1024]调用struggle\libraries\core\View::_include_once('html/footer')方法
2014-07-30 08:35:47/0.05471396446228s[E_USER_NOTICE 1024]把编译后内容写入编译文件Caches/Runtime/d32755fc7474853ca0ec722e8210f154.php
